  [1m[35m (208.7ms)[0m  [1m[35mCREATE DATABASE "rails_api_development" ENCODING = 'unicode'[0m
  [1m[35m (12.9ms)[0m  [1m[35mCREATE TABLE "schema_migrations" ("version" character varying NOT NULL PRIMARY KEY)[0m
  [1m[35m (4.5ms)[0m  [1m[35mCREATE TABLE "ar_internal_metadata" ("key" character varying NOT NULL PRIMARY KEY, "value" character varying, "created_at" timestamp(6) NOT NULL, "updated_at" timestamp(6) NOT NULL)[0m
  [1m[35m (0.7ms)[0m  [1m[34mSELECT pg_try_advisory_lock(4598764919443922325)[0m
  [1m[36mActiveRecord::SchemaMigration Load (0.8ms)[0m  [1m[34mSELECT "schema_migrations"."version" FROM "schema_migrations" ORDER BY "schema_migrations"."version" ASC[0m
  [1m[36mActiveRecord::InternalMetadata Load (1.2ms)[0m  [1m[34mSELECT * FROM "ar_internal_metadata" WHERE "ar_internal_metadata"."key" = $1 ORDER BY "ar_internal_metadata"."key" ASC LIMIT 1[0m  [[nil, "environment"]]
  [1m[36mActiveRecord::InternalMetadata Create (2.2ms)[0m  [1m[32mINSERT INTO "ar_internal_metadata" ("key", "value", "created_at", "updated_at") VALUES ('environment', 'development', '2025-06-15 11:58:26.751510', '2025-06-15 11:58:26.751525') RETURNING "key"[0m
Migrating to CreatePosts (20241201000001)
  [1m[36mTRANSACTION (0.4ms)[0m  [1m[35mBEGIN[0m
  [1m[35m (10.2ms)[0m  [1m[35mCREATE TABLE "posts" ("id" bigserial primary key, "title" character varying NOT NULL, "content" text NOT NULL, "created_at" timestamp(6) NOT NULL, "updated_at" timestamp(6) NOT NULL)[0m
  [1m[35m (6.9ms)[0m  [1m[35mCREATE INDEX "index_posts_on_created_at" ON "posts" ("created_at")[0m
  [1m[36mActiveRecord::SchemaMigration Create (0.6ms)[0m  [1m[32mINSERT INTO "schema_migrations" ("version") VALUES ('20241201000001') RETURNING "version"[0m
  [1m[36mTRANSACTION (0.7ms)[0m  [1m[35mCOMMIT[0m
  [1m[35m (0.6ms)[0m  [1m[34mSELECT pg_advisory_unlock(4598764919443922325)[0m
  [1m[36mActiveRecord::SchemaMigration Load (0.3ms)[0m  [1m[34mSELECT "schema_migrations"."version" FROM "schema_migrations" ORDER BY "schema_migrations"."version" ASC[0m
  [1m[36mActiveRecord::SchemaMigration Load (3.0ms)[0m  [1m[34mSELECT "schema_migrations"."version" FROM "schema_migrations" ORDER BY "schema_migrations"."version" ASC[0m
  [1m[36mActiveRecord::SchemaMigration Load (0.5ms)[0m  [1m[34mSELECT "schema_migrations"."version" FROM "schema_migrations" ORDER BY "schema_migrations"."version" ASC[0m
  [1m[36mTRANSACTION (0.2ms)[0m  [1m[35mBEGIN[0m
  [1m[36mPost Create (2.6ms)[0m  [1m[32mINSERT INTO "posts" ("title", "content", "created_at", "updated_at") VALUES ($1, $2, $3, $4) RETURNING "id"[0m  [["title", "åˆã‚ã¦ã®æŠ•ç¨¿"], ["content", "ã“ã‚Œã¯æœ€åˆã®ãƒ–ãƒ­ã‚°æŠ•ç¨¿ã§ã™ã€‚Rails APIã¨Next.jsã®é€£æºãƒ†ã‚¹ãƒˆã§ã™ã€‚"], ["created_at", "2025-06-15 11:59:15.301516"], ["updated_at", "2025-06-15 11:59:15.301516"]]
  [1m[36mTRANSACTION (0.3ms)[0m  [1m[35mCOMMIT[0m
  [1m[36mTRANSACTION (0.1ms)[0m  [1m[35mBEGIN[0m
  [1m[36mPost Create (0.8ms)[0m  [1m[32mINSERT INTO "posts" ("title", "content", "created_at", "updated_at") VALUES ($1, $2, $3, $4) RETURNING "id"[0m  [["title", "Dockerç’°å¢ƒã§ã®é–‹ç™º"], ["content", "Dockerã§Rails APIã¨Next.jsã‚’é€£æºã•ã›ã‚‹æ–¹æ³•ã«ã¤ã„ã¦èª¬æ˜Žã—ã¾ã™ã€‚"], ["created_at", "2025-06-15 11:59:15.307771"], ["updated_at", "2025-06-15 11:59:15.307771"]]
  [1m[36mTRANSACTION (0.2ms)[0m  [1m[35mCOMMIT[0m
  [1m[36mTRANSACTION (0.1ms)[0m  [1m[35mBEGIN[0m
  [1m[36mPost Create (0.7ms)[0m  [1m[32mINSERT INTO "posts" ("title", "content", "created_at", "updated_at") VALUES ($1, $2, $3, $4) RETURNING "id"[0m  [["title", "APIè¨­è¨ˆã®ãƒ™ã‚¹ãƒˆãƒ—ãƒ©ã‚¯ãƒ†ã‚£ã‚¹"], ["content", "RESTful APIã®è¨­è¨ˆã«ãŠã„ã¦é‡è¦ãªãƒã‚¤ãƒ³ãƒˆã‚’ã¾ã¨ã‚ã¾ã—ãŸã€‚"], ["created_at", "2025-06-15 11:59:15.309898"], ["updated_at", "2025-06-15 11:59:15.309898"]]
  [1m[36mTRANSACTION (0.2ms)[0m  [1m[35mCOMMIT[0m
  [1m[36mPost Count (0.4ms)[0m  [1m[34mSELECT COUNT(*) FROM "posts"[0m
Started GET "/api/v1/posts" for 192.168.65.1 at 2025-06-15 11:59:50 +0000
  [1m[36mActiveRecord::SchemaMigration Load (0.7ms)[0m  [1m[34mSELECT "schema_migrations"."version" FROM "schema_migrations" ORDER BY "schema_migrations"."version" ASC[0m
Processing by Api::V1::PostsController#index as */*
  [1m[36mPost Load (1.1ms)[0m  [1m[34mSELECT "posts".* FROM "posts"[0m
  â†³ app/controllers/api/v1/posts_controller.rb:7:in `index'
Completed 200 OK in 93ms (Views: 43.2ms | ActiveRecord: 21.8ms | Allocations: 19002)


Started GET "/api/v1/posts" for 192.168.65.1 at 2025-06-15 12:15:42 +0000
Processing by Api::V1::PostsController#index as */*
  [1m[36mPost Load (21.0ms)[0m  [1m[34mSELECT "posts".* FROM "posts"[0m
  â†³ app/controllers/api/v1/posts_controller.rb:7:in `index'
Completed 200 OK in 116ms (Views: 88.3ms | ActiveRecord: 20.7ms | Allocations: 724)


Started POST "/api/v1/posts" for 192.168.65.1 at 2025-06-15 12:16:01 +0000
Processing by Api::V1::PostsController#create as */*
  Parameters: {"post"=>{"title"=>"trtr", "content"=>"trtr"}}
  [1m[36mTRANSACTION (1.6ms)[0m  [1m[35mBEGIN[0m
  â†³ app/controllers/api/v1/posts_controller.rb:19:in `create'
  [1m[36mPost Create (76.4ms)[0m  [1m[32mINSERT INTO "posts" ("title", "content", "created_at", "updated_at") VALUES ($1, $2, $3, $4) RETURNING "id"[0m  [["title", "trtr"], ["content", "trtr"], ["created_at", "2025-06-15 12:16:02.058078"], ["updated_at", "2025-06-15 12:16:02.058078"]]
  â†³ app/controllers/api/v1/posts_controller.rb:19:in `create'
  [1m[36mTRANSACTION (3.2ms)[0m  [1m[35mCOMMIT[0m
  â†³ app/controllers/api/v1/posts_controller.rb:19:in `create'
Completed 201 Created in 121ms (Views: 1.3ms | ActiveRecord: 81.1ms | Allocations: 2335)


